<?xml version="1.0" encoding="UTF-8"?>
<!-- Generated by org.testng.reporters.JUnitReportReporter -->
<testsuite hostname="DESKTOP-KSTJK7A" failures="0" tests="1" name="tests.TestsXmlAPIWithExcel" time="4.413" errors="0" timestamp="2023-04-05T23:36:32 EET" skipped="0">
  <testcase classname="tests.TestsXmlAPIWithExcel" name="dataDrivenTestCase" time="4.413"/>
  <system-out/>
</testsuite> <!-- tests.TestsXmlAPIWithExcel -->
