<?xml version="1.0" encoding="UTF-8"?>
<!-- Generated by org.testng.reporters.JUnitReportReporter -->
<testsuite hostname="DESKTOP-KSTJK7A" failures="0" tests="3" name="Rest_First_Script.rest_testcases" time="8.883" errors="0" timestamp="2023-04-05T01:26:26 EET" skipped="0">
  <testcase classname="Rest_First_Script.rest_testcases" name="validateResponseCode" time="5.345"/>
  <system-out/>
  <testcase classname="Rest_First_Script.rest_testcases" name="validateResponseData" time="2.427"/>
  <system-out/>
  <testcase classname="Rest_First_Script.rest_testcases" name="validateInvalidResponse" time="1.111"/>
  <system-out/>
</testsuite> <!-- Rest_First_Script.rest_testcases -->
