<?xml version="1.0" encoding="UTF-8"?>
<!-- Generated by org.testng.reporters.JUnitReportReporter -->
<testsuite hostname="DESKTOP-KSTJK7A" failures="0" tests="1" name="Rest_First_Data_Driven.data_driven" time="5.041" errors="0" timestamp="2023-04-05T23:13:07 EET" skipped="0">
  <testcase classname="Rest_First_Data_Driven.data_driven" name="dataDrivenTestCase" time="5.041"/>
  <system-out/>
</testsuite> <!-- Rest_First_Data_Driven.data_driven -->
