<?xml version="1.0" encoding="UTF-8"?>
<!-- Generated by org.testng.reporters.JUnitReportReporter -->
<testsuite hostname="DESKTOP-KSTJK7A" failures="0" tests="3" name="Rest_First_Script.jsn.rest_testcases_json" time="5.554" errors="0" timestamp="2023-04-05T02:06:24 EET" skipped="0">
  <testcase classname="Rest_First_Script.jsn.rest_testcases_json" name="validateResponseCode" time="3.600"/>
  <system-out/>
  <testcase classname="Rest_First_Script.jsn.rest_testcases_json" name="validateResponseData" time="1.644"/>
  <system-out/>
  <testcase classname="Rest_First_Script.jsn.rest_testcases_json" name="validateInvalidResponse" time="0.310"/>
  <system-out/>
</testsuite> <!-- Rest_First_Script.jsn.rest_testcases_json -->
