<?xml version="1.0" encoding="UTF-8"?>
<!-- Generated by org.testng.reporters.JUnitReportReporter -->
<testsuite hostname="DESKTOP-KSTJK7A" failures="0" tests="3" name="tests.TestsJsonAPI" time="5.121" errors="0" timestamp="2023-04-05T23:36:04 EET" skipped="0">
  <testcase classname="tests.TestsJsonAPI" name="validateResponseCode" time="3.131"/>
  <system-out/>
  <testcase classname="tests.TestsJsonAPI" name="validateResponseData" time="1.686"/>
  <system-out/>
  <testcase classname="tests.TestsJsonAPI" name="validateInvalidResponse" time="0.304"/>
  <system-out/>
</testsuite> <!-- tests.TestsJsonAPI -->
