<?xml version="1.0" encoding="UTF-8"?>
<!-- Generated by org.testng.reporters.JUnitReportReporter -->
<testsuite hostname="DESKTOP-KSTJK7A" failures="0" tests="3" name="tests.TestsXmlAPI" time="6.430" errors="0" timestamp="2023-04-05T23:36:18 EET" skipped="0">
  <testcase classname="tests.TestsXmlAPI" name="validateResponseCode" time="3.469"/>
  <system-out/>
  <testcase classname="tests.TestsXmlAPI" name="validateResponseData" time="2.203"/>
  <system-out/>
  <testcase classname="tests.TestsXmlAPI" name="validateInvalidResponse" time="0.758"/>
  <system-out/>
</testsuite> <!-- tests.TestsXmlAPI -->
